Arguments: 
  /usr/bin/node /usr/local/bin/yarn add googleapis

PATH: 
  /home/cliente/.local/bin:/home/cliente/bin:/usr/local/bin:/usr/local/sbin:/usr/bin:/usr/sbin:/var/lib/snapd/snap/bin:/home/cliente/.composer/vendor/bin:/home/cliente/.git-semantic-commits:/home/cliente/.local/bin:/home/cliente/bin:/usr/local/bin:/usr/local/sbin:/usr/bin:/usr/sbin:/var/lib/snapd/snap/bin:/home/cliente/.composer/vendor/bin:/home/cliente/.git-semantic-commits:/home/cliente/.local/bin:/home/cliente/bin:/usr/local/bin:/usr/local/sbin:/usr/bin:/usr/sbin:/var/lib/snapd/snap/bin:/home/cliente/.composer/vendor/bin:/home/cliente/.git-semantic-commits:/home/cliente/.local/bin:/home/cliente/bin:/usr/local/bin:/usr/local/sbin:/usr/bin:/usr/sbin:/var/lib/snapd/snap/bin:/home/cliente/.composer/vendor/bin

Yarn version: 
  1.22.10

Node version: 
  14.16.1

Platform: 
  linux x64

Trace: 
  SyntaxError: /var/www/html/taller/pocs/bravo/tste/package.json: Unexpected end of JSON input
      at JSON.parse (<anonymous>)
      at /usr/local/lib/node_modules/yarn/lib/cli.js:1625:59
      at Generator.next (<anonymous>)
      at step (/usr/local/lib/node_modules/yarn/lib/cli.js:310:30)
      at /usr/local/lib/node_modules/yarn/lib/cli.js:321:13

npm manifest: 
  

yarn manifest: 
  No manifest

Lockfile: 
  No lockfile
